#
# There is insufficient memory for the Java Runtime Environment to continue.
# Native memory allocation (malloc) failed to allocate 988256 bytes for Chunk::new
# Possible reasons:
#   The system is out of physical RAM or swap space
#   The process is running with CompressedOops enabled, and the Java Heap may be blocking the growth of the native heap
# Possible solutions:
#   Reduce memory load on the system
#   Increase physical memory or swap space
#   Check if swap backing store is full
#   Decrease Java heap size (-Xmx/-Xms)
#   Decrease number of Java threads
#   Decrease Java thread stack sizes (-Xss)
#   Set larger code cache with -XX:ReservedCodeCacheSize=
#   JVM is running with Unscaled Compressed Oops mode in which the Java heap is
#     placed in the first 4GB address space. The Java Heap base address is the
#     maximum limit for the native heap growth. Please use -XX:HeapBaseMinAddress
#     to set the Java Heap base and to place the Java Heap above 4GB virtual address.
# This output file may be truncated or incomplete.
#
#  Out of Memory Error (arena.cpp:189), pid=3772, tid=1668
#
# JRE version: Java(TM) SE Runtime Environment (17.0.11+7) (build 17.0.11+7-LTS-207)
# Java VM: Java HotSpot(TM) 64-Bit Server VM (17.0.11+7-LTS-207, mixed mode, sharing, tiered, compressed oops, compressed class ptrs, g1 gc, windows-amd64)
# No core dump will be written. Minidumps are not enabled by default on client versions of Windows
#

---------------  S U M M A R Y ------------

Command Line: -Xmx64m -Xms64m -Dorg.gradle.appname=gradlew org.gradle.wrapper.GradleWrapperMain app:installDebug -PreactNativeDevServerPort=8081

Host: Intel(R) Core(TM) i5-8350U CPU @ 1.70GHz, 8 cores, 15G,  Windows 11 , 64 bit Build 22621 (10.0.22621.3958)
Time: Sun Sep  1 20:15:26 2024 India Standard Time elapsed time: 212.063659 seconds (0d 0h 3m 32s)

---------------  T H R E A D  ---------------

Current thread (0x000001b675067f70):  JavaThread "C2 CompilerThread0" daemon [_thread_in_native, id=1668, stack(0x0000009594a00000,0x0000009594b00000)]


Current CompileTask:
C2: 212063 1889       4       org.gradle.internal.logging.console.WorkInProgressRenderer::renderNow (351 bytes)

Stack: [0x0000009594a00000,0x0000009594b00000]
Native frames: (J=compiled Java code, j=interpreted, Vv=VM code, C=native code)
V  [jvm.dll+0x679cca]
V  [jvm.dll+0x7da13d]
V  [jvm.dll+0x7dba83]
V  [jvm.dll+0x7dc0f3]
V  [jvm.dll+0x2449af]
V  [jvm.dll+0xab83b]
V  [jvm.dll+0xabe1c]
V  [jvm.dll+0x3615ae]
V  [jvm.dll+0x1b9dda]
V  [jvm.dll+0x216337]
V  [jvm.dll+0x21560f]
V  [jvm.dll+0x1a2040]
V  [jvm.dll+0x225a2b]
V  [jvm.dll+0x223bcb]
V  [jvm.dll+0x7903ec]
V  [jvm.dll+0x78a85a]
V  [jvm.dll+0x678bb5]
C  [ucrtbase.dll+0x29333]
C  [KERNEL32.DLL+0x1257d]
C  [ntdll.dll+0x5af28]


---------------  P R O C E S S  ---------------

Threads class SMR info:
_java_thread_list=0x000001b67a42e6b0, length=15, elements={
0x000001b65b876850, 0x000001b6750393a0, 0x000001b67503a130, 0x000001b67504d980,
0x000001b675050260, 0x000001b675050b30, 0x000001b675053810, 0x000001b675067f70,
0x000001b67506a940, 0x000001b67506b250, 0x000001b675024010, 0x000001b6752fae40,
0x000001b67a05ca60, 0x000001b67a4dbde0, 0x000001b67a0c0600
}

Java Threads: ( => current thread )
  0x000001b65b876850 JavaThread "main" [_thread_in_native, id=21048, stack(0x0000009593d00000,0x0000009593e00000)]
  0x000001b6750393a0 JavaThread "Reference Handler" daemon [_thread_blocked, id=18476, stack(0x0000009594400000,0x0000009594500000)]
  0x000001b67503a130 JavaThread "Finalizer" daemon [_thread_blocked, id=17912, stack(0x0000009594500000,0x0000009594600000)]
  0x000001b67504d980 JavaThread "Signal Dispatcher" daemon [_thread_blocked, id=13596, stack(0x0000009594600000,0x0000009594700000)]
  0x000001b675050260 JavaThread "Attach Listener" daemon [_thread_blocked, id=780, stack(0x0000009594700000,0x0000009594800000)]
  0x000001b675050b30 JavaThread "Service Thread" daemon [_thread_blocked, id=10596, stack(0x0000009594800000,0x0000009594900000)]
  0x000001b675053810 JavaThread "Monitor Deflation Thread" daemon [_thread_blocked, id=18936, stack(0x0000009594900000,0x0000009594a00000)]
=>0x000001b675067f70 JavaThread "C2 CompilerThread0" daemon [_thread_in_native, id=1668, stack(0x0000009594a00000,0x0000009594b00000)]
  0x000001b67506a940 JavaThread "C1 CompilerThread0" daemon [_thread_blocked, id=13332, stack(0x0000009594b00000,0x0000009594c00000)]
  0x000001b67506b250 JavaThread "Sweeper thread" daemon [_thread_blocked, id=10684, stack(0x0000009594c00000,0x0000009594d00000)]
  0x000001b675024010 JavaThread "Notification Thread" daemon [_thread_blocked, id=11144, stack(0x0000009594d00000,0x0000009594e00000)]
  0x000001b6752fae40 JavaThread "Common-Cleaner" daemon [_thread_blocked, id=21704, stack(0x0000009594f00000,0x0000009595000000)]
  0x000001b67a05ca60 JavaThread "pool-1-thread-1" [_thread_in_native, id=17432, stack(0x0000009595500000,0x0000009595600000)]
  0x000001b67a4dbde0 JavaThread "DisconnectableInputStream source reader" daemon [_thread_in_native, id=5336, stack(0x0000009595a00000,0x0000009595b00000)]
  0x000001b67a0c0600 JavaThread "Forward input" [_thread_blocked, id=21052, stack(0x0000009595b00000,0x0000009595c00000)]

Other Threads:
  0x000001b675033480 VMThread "VM Thread" [stack: 0x0000009594300000,0x0000009594400000] [id=13440]
  0x000001b65b8a0e30 WatcherThread [stack: 0x0000009594e00000,0x0000009594f00000] [id=18868]
  0x000001b65b897fe0 GCTaskThread "GC Thread#0" [stack: 0x0000009593e00000,0x0000009593f00000] [id=16848]
  0x000001b675d91a40 GCTaskThread "GC Thread#1" [stack: 0x0000009595100000,0x0000009595200000] [id=20632]
  0x000001b675b11fa0 GCTaskThread "GC Thread#2" [stack: 0x0000009595200000,0x0000009595300000] [id=21120]
  0x000001b675ab6310 GCTaskThread "GC Thread#3" [stack: 0x0000009595300000,0x0000009595400000] [id=7184]
  0x000001b675df8be0 GCTaskThread "GC Thread#4" [stack: 0x0000009595400000,0x0000009595500000] [id=20784]
  0x000001b67a0d3d40 GCTaskThread "GC Thread#5" [stack: 0x0000009595600000,0x0000009595700000] [id=1412]
  0x000001b67a19fea0 GCTaskThread "GC Thread#6" [stack: 0x0000009595700000,0x0000009595800000] [id=19216]
  0x000001b6754e8ea0 GCTaskThread "GC Thread#7" [stack: 0x0000009595800000,0x0000009595900000] [id=9048]
  0x000001b65b899640 ConcurrentGCThread "G1 Main Marker" [stack: 0x0000009593f00000,0x0000009594000000] [id=12168]
  0x000001b65b899f60 ConcurrentGCThread "G1 Conc#0" [stack: 0x0000009594000000,0x0000009594100000] [id=18712]
  0x000001b65b9372d0 ConcurrentGCThread "G1 Refine#0" [stack: 0x0000009594100000,0x0000009594200000] [id=8264]
  0x000001b65b938c20 ConcurrentGCThread "G1 Service" [stack: 0x0000009594200000,0x0000009594300000] [id=10196]

Threads with active compile tasks:
C2 CompilerThread0   212110 1889       4       org.gradle.internal.logging.console.WorkInProgressRenderer::renderNow (351 bytes)

VM state: not at safepoint (normal execution)

VM Mutex/Monitor currently owned by a thread: None

Heap address: 0x00000000fc000000, size: 64 MB, Compressed Oops mode: 32-bit

CDS archive(s) mapped at: [0x000001b600000000-0x000001b600bd0000-0x000001b600bd0000), size 12386304, SharedBaseAddress: 0x000001b600000000, ArchiveRelocationMode: 1.
Compressed class space mapped at: 0x000001b601000000-0x000001b641000000, reserved size: 1073741824
Narrow klass base: 0x000001b600000000, Narrow klass shift: 0, Narrow klass range: 0x100000000

GC Precious Log:
 CPUs: 8 total, 8 available
 Memory: 16227M
 Large Page Support: Disabled
 NUMA Support: Disabled
 Compressed Oops: Enabled (32-bit)
 Heap Region Size: 1M
 Heap Min Capacity: 64M
 Heap Initial Capacity: 64M
 Heap Max Capacity: 64M
 Pre-touch: Disabled
 Parallel Workers: 8
 Concurrent Workers: 2
 Concurrent Refinement Workers: 8
 Periodic GC: Disabled

Heap:
 garbage-first heap   total 65536K, used 23794K [0x00000000fc000000, 0x0000000100000000)
  region size 1024K, 14 young (14336K), 2 survivors (2048K)
 Metaspace       used 9903K, committed 10112K, reserved 1114112K
  class space    used 1301K, committed 1408K, reserved 1048576K

Heap Regions: E=young(eden), S=young(survivor), O=old, HS=humongous(starts), HC=humongous(continues), CS=collection set, F=free, OA=open archive, CA=closed archive, TAMS=top-at-mark-start (previous, next)
|   0|0x00000000fc000000, 0x00000000fc100000, 0x00000000fc100000|100%|HS|  |TAMS 0x00000000fc000000, 0x00000000fc000000| Complete 
|   1|0x00000000fc100000, 0x00000000fc200000, 0x00000000fc200000|100%|HC|  |TAMS 0x00000000fc100000, 0x00000000fc100000| Complete 
|   2|0x00000000fc200000, 0x00000000fc300000, 0x00000000fc300000|100%|HC|  |TAMS 0x00000000fc200000, 0x00000000fc200000| Complete 
|   3|0x00000000fc300000, 0x00000000fc400000, 0x00000000fc400000|100%|HC|  |TAMS 0x00000000fc300000, 0x00000000fc300000| Complete 
|   4|0x00000000fc400000, 0x00000000fc500000, 0x00000000fc500000|100%| O|  |TAMS 0x00000000fc400000, 0x00000000fc400000| Untracked 
|   5|0x00000000fc500000, 0x00000000fc600000, 0x00000000fc600000|100%| O|  |TAMS 0x00000000fc500000, 0x00000000fc500000| Untracked 
|   6|0x00000000fc600000, 0x00000000fc700000, 0x00000000fc700000|100%| O|  |TAMS 0x00000000fc600000, 0x00000000fc600000| Untracked 
|   7|0x00000000fc700000, 0x00000000fc800000, 0x00000000fc800000|100%| O|  |TAMS 0x00000000fc700000, 0x00000000fc700000| Untracked 
|   8|0x00000000fc800000, 0x00000000fc900000, 0x00000000fc900000|100%| O|  |TAMS 0x00000000fc800000, 0x00000000fc800000| Untracked 
|   9|0x00000000fc900000, 0x00000000fca00000, 0x00000000fca00000|100%| O|  |TAMS 0x00000000fc900000, 0x00000000fc900000| Untracked 
|  10|0x00000000fca00000, 0x00000000fcab3200, 0x00000000fcb00000| 69%| O|  |TAMS 0x00000000fca00000, 0x00000000fca00000| Untracked 
|  11|0x00000000fcb00000, 0x00000000fcb00000, 0x00000000fcc00000|  0%| F|  |TAMS 0x00000000fcb00000, 0x00000000fcb00000| Untracked 
|  12|0x00000000fcc00000, 0x00000000fcc00000, 0x00000000fcd00000|  0%| F|  |TAMS 0x00000000fcc00000, 0x00000000fcc00000| Untracked 
|  13|0x00000000fcd00000, 0x00000000fcd00000, 0x00000000fce00000|  0%| F|  |TAMS 0x00000000fcd00000, 0x00000000fcd00000| Untracked 
|  14|0x00000000fce00000, 0x00000000fce00000, 0x00000000fcf00000|  0%| F|  |TAMS 0x00000000fce00000, 0x00000000fce00000| Untracked 
|  15|0x00000000fcf00000, 0x00000000fcf00000, 0x00000000fd000000|  0%| F|  |TAMS 0x00000000fcf00000, 0x00000000fcf00000| Untracked 
|  16|0x00000000fd000000, 0x00000000fd000000, 0x00000000fd100000|  0%| F|  |TAMS 0x00000000fd000000, 0x00000000fd000000| Untracked 
|  17|0x00000000fd100000, 0x00000000fd100000, 0x00000000fd200000|  0%| F|  |TAMS 0x00000000fd100000, 0x00000000fd100000| Untracked 
|  18|0x00000000fd200000, 0x00000000fd200000, 0x00000000fd300000|  0%| F|  |TAMS 0x00000000fd200000, 0x00000000fd200000| Untracked 
|  19|0x00000000fd300000, 0x00000000fd300000, 0x00000000fd400000|  0%| F|  |TAMS 0x00000000fd300000, 0x00000000fd300000| Untracked 
|  20|0x00000000fd400000, 0x00000000fd400000, 0x00000000fd500000|  0%| F|  |TAMS 0x00000000fd400000, 0x00000000fd400000| Untracked 
|  21|0x00000000fd500000, 0x00000000fd500000, 0x00000000fd600000|  0%| F|  |TAMS 0x00000000fd500000, 0x00000000fd500000| Untracked 
|  22|0x00000000fd600000, 0x00000000fd600000, 0x00000000fd700000|  0%| F|  |TAMS 0x00000000fd600000, 0x00000000fd600000| Untracked 
|  23|0x00000000fd700000, 0x00000000fd700000, 0x00000000fd800000|  0%| F|  |TAMS 0x00000000fd700000, 0x00000000fd700000| Untracked 
|  24|0x00000000fd800000, 0x00000000fd800000, 0x00000000fd900000|  0%| F|  |TAMS 0x00000000fd800000, 0x00000000fd800000| Untracked 
|  25|0x00000000fd900000, 0x00000000fd900000, 0x00000000fda00000|  0%| F|  |TAMS 0x00000000fd900000, 0x00000000fd900000| Untracked 
|  26|0x00000000fda00000, 0x00000000fda00000, 0x00000000fdb00000|  0%| F|  |TAMS 0x00000000fda00000, 0x00000000fda00000| Untracked 
|  27|0x00000000fdb00000, 0x00000000fdb00000, 0x00000000fdc00000|  0%| F|  |TAMS 0x00000000fdb00000, 0x00000000fdb00000| Untracked 
|  28|0x00000000fdc00000, 0x00000000fdc00000, 0x00000000fdd00000|  0%| F|  |TAMS 0x00000000fdc00000, 0x00000000fdc00000| Untracked 
|  29|0x00000000fdd00000, 0x00000000fdd00000, 0x00000000fde00000|  0%| F|  |TAMS 0x00000000fdd00000, 0x00000000fdd00000| Untracked 
|  30|0x00000000fde00000, 0x00000000fde00000, 0x00000000fdf00000|  0%| F|  |TAMS 0x00000000fde00000, 0x00000000fde00000| Untracked 
|  31|0x00000000fdf00000, 0x00000000fdf00000, 0x00000000fe000000|  0%| F|  |TAMS 0x00000000fdf00000, 0x00000000fdf00000| Untracked 
|  32|0x00000000fe000000, 0x00000000fe000000, 0x00000000fe100000|  0%| F|  |TAMS 0x00000000fe000000, 0x00000000fe000000| Untracked 
|  33|0x00000000fe100000, 0x00000000fe100000, 0x00000000fe200000|  0%| F|  |TAMS 0x00000000fe100000, 0x00000000fe100000| Untracked 
|  34|0x00000000fe200000, 0x00000000fe200000, 0x00000000fe300000|  0%| F|  |TAMS 0x00000000fe200000, 0x00000000fe200000| Untracked 
|  35|0x00000000fe300000, 0x00000000fe300000, 0x00000000fe400000|  0%| F|  |TAMS 0x00000000fe300000, 0x00000000fe300000| Untracked 
|  36|0x00000000fe400000, 0x00000000fe400000, 0x00000000fe500000|  0%| F|  |TAMS 0x00000000fe400000, 0x00000000fe400000| Untracked 
|  37|0x00000000fe500000, 0x00000000fe500000, 0x00000000fe600000|  0%| F|  |TAMS 0x00000000fe500000, 0x00000000fe500000| Untracked 
|  38|0x00000000fe600000, 0x00000000fe600000, 0x00000000fe700000|  0%| F|  |TAMS 0x00000000fe600000, 0x00000000fe600000| Untracked 
|  39|0x00000000fe700000, 0x00000000fe700000, 0x00000000fe800000|  0%| F|  |TAMS 0x00000000fe700000, 0x00000000fe700000| Untracked 
|  40|0x00000000fe800000, 0x00000000fe800000, 0x00000000fe900000|  0%| F|  |TAMS 0x00000000fe800000, 0x00000000fe800000| Untracked 
|  41|0x00000000fe900000, 0x00000000fe9896a8, 0x00000000fea00000| 53%| S|CS|TAMS 0x00000000fe900000, 0x00000000fe900000| Complete 
|  42|0x00000000fea00000, 0x00000000feb00000, 0x00000000feb00000|100%| S|CS|TAMS 0x00000000fea00000, 0x00000000fea00000| Complete 
|  43|0x00000000feb00000, 0x00000000feb00000, 0x00000000fec00000|  0%| F|  |TAMS 0x00000000feb00000, 0x00000000feb00000| Untracked 
|  44|0x00000000fec00000, 0x00000000fec00000, 0x00000000fed00000|  0%| F|  |TAMS 0x00000000fec00000, 0x00000000fec00000| Untracked 
|  45|0x00000000fed00000, 0x00000000fed00000, 0x00000000fee00000|  0%| F|  |TAMS 0x00000000fed00000, 0x00000000fed00000| Untracked 
|  46|0x00000000fee00000, 0x00000000fee00000, 0x00000000fef00000|  0%| F|  |TAMS 0x00000000fee00000, 0x00000000fee00000| Untracked 
|  47|0x00000000fef00000, 0x00000000fef00000, 0x00000000ff000000|  0%| F|  |TAMS 0x00000000fef00000, 0x00000000fef00000| Untracked 
|  48|0x00000000ff000000, 0x00000000ff000000, 0x00000000ff100000|  0%| F|  |TAMS 0x00000000ff000000, 0x00000000ff000000| Untracked 
|  49|0x00000000ff100000, 0x00000000ff100000, 0x00000000ff200000|  0%| F|  |TAMS 0x00000000ff100000, 0x00000000ff100000| Untracked 
|  50|0x00000000ff200000, 0x00000000ff200000, 0x00000000ff300000|  0%| F|  |TAMS 0x00000000ff200000, 0x00000000ff200000| Untracked 
|  51|0x00000000ff300000, 0x00000000ff300000, 0x00000000ff400000|  0%| F|  |TAMS 0x00000000ff300000, 0x00000000ff300000| Untracked 
|  52|0x00000000ff400000, 0x00000000ff43dbf0, 0x00000000ff500000| 24%| E|  |TAMS 0x00000000ff400000, 0x00000000ff400000| Complete 
|  53|0x00000000ff500000, 0x00000000ff600000, 0x00000000ff600000|100%| E|CS|TAMS 0x00000000ff500000, 0x00000000ff500000| Complete 
|  54|0x00000000ff600000, 0x00000000ff700000, 0x00000000ff700000|100%| E|CS|TAMS 0x00000000ff600000, 0x00000000ff600000| Complete 
|  55|0x00000000ff700000, 0x00000000ff800000, 0x00000000ff800000|100%| E|CS|TAMS 0x00000000ff700000, 0x00000000ff700000| Complete 
|  56|0x00000000ff800000, 0x00000000ff900000, 0x00000000ff900000|100%| E|CS|TAMS 0x00000000ff800000, 0x00000000ff800000| Complete 
|  57|0x00000000ff900000, 0x00000000ffa00000, 0x00000000ffa00000|100%| E|CS|TAMS 0x00000000ff900000, 0x00000000ff900000| Complete 
|  58|0x00000000ffa00000, 0x00000000ffb00000, 0x00000000ffb00000|100%| E|CS|TAMS 0x00000000ffa00000, 0x00000000ffa00000| Complete 
|  59|0x00000000ffb00000, 0x00000000ffc00000, 0x00000000ffc00000|100%| E|CS|TAMS 0x00000000ffb00000, 0x00000000ffb00000| Complete 
|  60|0x00000000ffc00000, 0x00000000ffd00000, 0x00000000ffd00000|100%| E|CS|TAMS 0x00000000ffc00000, 0x00000000ffc00000| Complete 
|  61|0x00000000ffd00000, 0x00000000ffe00000, 0x00000000ffe00000|100%| E|CS|TAMS 0x00000000ffd00000, 0x00000000ffd00000| Complete 
|  62|0x00000000ffe00000, 0x00000000fff00000, 0x00000000fff00000|100%| E|CS|TAMS 0x00000000ffe00000, 0x00000000ffe00000| Complete 
|  63|0x00000000fff00000, 0x0000000100000000, 0x0000000100000000|100%| E|CS|TAMS 0x00000000fff00000, 0x00000000fff00000| Complete 

Card table byte_map: [0x000001b65b780000,0x000001b65b7a0000] _byte_map_base: 0x000001b65afa0000

Marking Bits (Prev, Next): (CMBitMap*) 0x000001b65b898510, (CMBitMap*) 0x000001b65b898550
 Prev Bits: [0x000001b672460000, 0x000001b672560000)
 Next Bits: [0x000001b672560000, 0x000001b672660000)

Polling page: 0x000001b659840000

Metaspace:

Usage:
  Non-class:      8.40 MB used.
      Class:      1.27 MB used.
       Both:      9.67 MB used.

Virtual space:
  Non-class space:       64.00 MB reserved,       8.50 MB ( 13%) committed,  1 nodes.
      Class space:        1.00 GB reserved,       1.38 MB ( <1%) committed,  1 nodes.
             Both:        1.06 GB reserved,       9.88 MB ( <1%) committed. 

Chunk freelists:
   Non-Class:  7.33 MB
       Class:  14.53 MB
        Both:  21.86 MB

MaxMetaspaceSize: unlimited
CompressedClassSpaceSize: 1.00 GB
Initial GC threshold: 21.00 MB
Current GC threshold: 21.00 MB
CDS: on
MetaspaceReclaimPolicy: balanced
 - commit_granule_bytes: 65536.
 - commit_granule_words: 8192.
 - virtual_space_node_default_size: 8388608.
 - enlarge_chunks_in_place: 1.
 - new_chunks_are_fully_committed: 0.
 - uncommit_free_chunks: 1.
 - use_allocation_guard: 0.
 - handle_deallocations: 1.


Internal statistics:

num_allocs_failed_limit: 0.
num_arena_births: 82.
num_arena_deaths: 0.
num_vsnodes_births: 2.
num_vsnodes_deaths: 0.
num_space_committed: 158.
num_space_uncommitted: 0.
num_chunks_returned_to_freelist: 0.
num_chunks_taken_from_freelist: 344.
num_chunk_merges: 0.
num_chunk_splits: 241.
num_chunks_enlarged: 202.
num_inconsistent_stats: 0.

CodeHeap 'non-profiled nmethods': size=120000Kb used=841Kb max_used=841Kb free=119159Kb
 bounds [0x000001b66ac00000, 0x000001b66ae70000, 0x000001b672130000]
CodeHeap 'profiled nmethods': size=120000Kb used=3487Kb max_used=3487Kb free=116512Kb
 bounds [0x000001b663130000, 0x000001b6634a0000, 0x000001b66a660000]
CodeHeap 'non-nmethods': size=5760Kb used=1174Kb max_used=1238Kb free=4585Kb
 bounds [0x000001b66a660000, 0x000001b66a8d0000, 0x000001b66ac00000]
 total_blobs=2358 nmethods=1888 adapters=383
 compilation: enabled
              stopped_count=0, restarted_count=0
 full_count=0

Compilation events (20 events):
Event: 188.649 Thread 0x000001b67506a940 nmethod 1879 0x000001b663496510 code [0x000001b6634966c0, 0x000001b663496968]
Event: 190.145 Thread 0x000001b675067f70 1880       4       java.lang.Thread::interrupted (23 bytes)
Event: 190.145 Thread 0x000001b675067f70 nmethod 1880 0x000001b66acce010 code [0x000001b66acce180, 0x000001b66acce218]
Event: 190.197 Thread 0x000001b675067f70 1881       4       com.esotericsoftware.kryo.io.Input::readUtf8 (90 bytes)
Event: 190.215 Thread 0x000001b675067f70 nmethod 1881 0x000001b66acce310 code [0x000001b66acce4c0, 0x000001b66acceb68]
Event: 190.215 Thread 0x000001b675067f70 1882       4       com.esotericsoftware.kryo.io.Input::readVarLong (329 bytes)
Event: 190.222 Thread 0x000001b675067f70 nmethod 1882 0x000001b66accef90 code [0x000001b66accf140, 0x000001b66accf5a8]
Event: 190.246 Thread 0x000001b675067f70 1883       4       org.gradle.internal.logging.console.MultiLineBuildProgressArea::setVisible (43 bytes)
Event: 190.258 Thread 0x000001b675067f70 nmethod 1883 0x000001b66accf990 code [0x000001b66accfb40, 0x000001b66accff38]
Event: 190.652 Thread 0x000001b675067f70 1884       4       java.util.HashMap::remove (26 bytes)
Event: 190.686 Thread 0x000001b675067f70 nmethod 1884 0x000001b66acd0210 code [0x000001b66acd03e0, 0x000001b66acd0f18]
Event: 193.643 Thread 0x000001b675067f70 1885   !   4       net.rubygrapefruit.platform.internal.WindowsTerminal::getTerminalSize (84 bytes)
Event: 193.648 Thread 0x000001b675067f70 nmethod 1885 0x000001b66acd1490 code [0x000001b66acd1640, 0x000001b66acd1a88]
Event: 194.250 Thread 0x000001b675067f70 1886       4       java.util.HashMap$ValueIterator::next (8 bytes)
Event: 194.261 Thread 0x000001b675067f70 nmethod 1886 0x000001b66acd1c90 code [0x000001b66acd1e20, 0x000001b66acd2258]
Event: 194.642 Thread 0x000001b67506a940 1887       3       com.google.common.collect.CollectPreconditions::checkNonnegative (37 bytes)
Event: 194.643 Thread 0x000001b67506a940 nmethod 1887 0x000001b663496a90 code [0x000001b663496cc0, 0x000001b6634973c8]
Event: 198.643 Thread 0x000001b67506a940 1888       3       java.util.Collections::addAll (43 bytes)
Event: 198.643 Thread 0x000001b67506a940 nmethod 1888 0x000001b663497690 code [0x000001b663497840, 0x000001b663497b08]
Event: 211.616 Thread 0x000001b675067f70 1889       4       org.gradle.internal.logging.console.WorkInProgressRenderer::renderNow (351 bytes)

GC Heap History (4 events):
Event: 0.791 GC heap before
{Heap before GC invocations=0 (full 0):
 garbage-first heap   total 65536K, used 26624K [0x00000000fc000000, 0x0000000100000000)
  region size 1024K, 23 young (23552K), 0 survivors (0K)
 Metaspace       used 2641K, committed 2880K, reserved 1114112K
  class space    used 282K, committed 384K, reserved 1048576K
}
Event: 0.798 GC heap after
{Heap after GC invocations=1 (full 0):
 garbage-first heap   total 65536K, used 10692K [0x00000000fc000000, 0x0000000100000000)
  region size 1024K, 3 young (3072K), 3 survivors (3072K)
 Metaspace       used 2641K, committed 2880K, reserved 1114112K
  class space    used 282K, committed 384K, reserved 1048576K
}
Event: 1.555 GC heap before
{Heap before GC invocations=1 (full 0):
 garbage-first heap   total 65536K, used 32196K [0x00000000fc000000, 0x0000000100000000)
  region size 1024K, 24 young (24576K), 3 survivors (3072K)
 Metaspace       used 8657K, committed 8896K, reserved 1114112K
  class space    used 1184K, committed 1280K, reserved 1048576K
}
Event: 1.559 GC heap after
{Heap after GC invocations=2 (full 0):
 garbage-first heap   total 65536K, used 12530K [0x00000000fc000000, 0x0000000100000000)
  region size 1024K, 2 young (2048K), 2 survivors (2048K)
 Metaspace       used 8657K, committed 8896K, reserved 1114112K
  class space    used 1184K, committed 1280K, reserved 1048576K
}

Deoptimization events (20 events):
Event: 30.295 Thread 0x000001b65b876850 DEOPT PACKING pc=0x000001b66338b54d sp=0x0000009593dfc3f0
Event: 30.296 Thread 0x000001b65b876850 DEOPT UNPACKING pc=0x000001b66a6b2b43 sp=0x0000009593dfb888 mode 0
Event: 109.587 Thread 0x000001b65b876850 Uncommon trap: trap_request=0xffffff45 fr.pc=0x000001b66aca4adc relative=0x000000000000053c
Event: 109.587 Thread 0x000001b65b876850 Uncommon trap: reason=unstable_if action=reinterpret pc=0x000001b66aca4adc method=com.esotericsoftware.kryo.io.Input.readUtf8(I)V @ 79 c2
Event: 109.587 Thread 0x000001b65b876850 DEOPT PACKING pc=0x000001b66aca4adc sp=0x0000009593dfc5a0
Event: 109.587 Thread 0x000001b65b876850 DEOPT UNPACKING pc=0x000001b66a6b23a3 sp=0x0000009593dfc538 mode 2
Event: 109.589 Thread 0x000001b65b876850 DEOPT PACKING pc=0x000001b663487535 sp=0x0000009593dfc5a0
Event: 109.589 Thread 0x000001b65b876850 DEOPT UNPACKING pc=0x000001b66a6b2b43 sp=0x0000009593dfba38 mode 0
Event: 110.712 Thread 0x000001b67a05ca60 DEOPT PACKING pc=0x000001b663414683 sp=0x00000095955fe980
Event: 110.712 Thread 0x000001b67a05ca60 DEOPT UNPACKING pc=0x000001b66a6b2b43 sp=0x00000095955fddf0 mode 0
Event: 130.986 Thread 0x000001b65b876850 DEOPT PACKING pc=0x000001b663487535 sp=0x0000009593dfc5a0
Event: 130.986 Thread 0x000001b65b876850 DEOPT UNPACKING pc=0x000001b66a6b2b43 sp=0x0000009593dfba38 mode 0
Event: 147.309 Thread 0x000001b65b876850 DEOPT PACKING pc=0x000001b663487535 sp=0x0000009593dfc510
Event: 147.309 Thread 0x000001b65b876850 DEOPT UNPACKING pc=0x000001b66a6b2b43 sp=0x0000009593dfb9a8 mode 0
Event: 176.338 Thread 0x000001b65b876850 DEOPT PACKING pc=0x000001b663487535 sp=0x0000009593dfc510
Event: 176.338 Thread 0x000001b65b876850 DEOPT UNPACKING pc=0x000001b66a6b2b43 sp=0x0000009593dfb9a8 mode 0
Event: 190.197 Thread 0x000001b65b876850 DEOPT PACKING pc=0x000001b663487535 sp=0x0000009593dfc510
Event: 190.197 Thread 0x000001b65b876850 DEOPT UNPACKING pc=0x000001b66a6b2b43 sp=0x0000009593dfb9a8 mode 0
Event: 190.199 Thread 0x000001b65b876850 DEOPT PACKING pc=0x000001b663487535 sp=0x0000009593dfc510
Event: 190.199 Thread 0x000001b65b876850 DEOPT UNPACKING pc=0x000001b66a6b2b43 sp=0x0000009593dfb9a8 mode 0

Classes unloaded (0 events):
No events

Classes redefined (0 events):
No events

Internal exceptions (19 events):
Event: 0.162 Thread 0x000001b65b876850 Exception <a 'java/lang/NoSuchMethodError'{0x00000000ffc51bb0}: 'int java.lang.invoke.DirectMethodHandle$Holder.invokeStaticInit(java.lang.Object, java.lang.Object)'> (0x00000000ffc51bb0) 
thrown [s\open\src\hotspot\share\interpreter\linkResolver.cpp, line 759]
Event: 0.918 Thread 0x000001b65b876850 Exception <a 'java/lang/NoSuchMethodError'{0x00000000ffc6df28}: 'void java.lang.invoke.DirectMethodHandle$Holder.invokeStatic(java.lang.Object, java.lang.Object)'> (0x00000000ffc6df28) 
thrown [s\open\src\hotspot\share\interpreter\linkResolver.cpp, line 759]
Event: 0.942 Thread 0x000001b65b876850 Exception <a 'java/lang/NoClassDefFoundError'{0x00000000ffb03660}: org/slf4j/impl/StaticMarkerBinder> (0x00000000ffb03660) 
thrown [s\open\src\hotspot\share\classfile\systemDictionary.cpp, line 245]
Event: 0.956 Thread 0x000001b65b876850 Exception <a 'java/lang/NoSuchMethodError'{0x00000000ffb73e80}: 'java.lang.Object java.lang.invoke.DirectMethodHandle$Holder.invokeVirtual(java.lang.Object, java.lang.Object, java.lang.Object)'> (0x00000000ffb73e80) 
thrown [s\open\src\hotspot\share\interpreter\linkResolver.cpp, line 759]
Event: 0.966 Thread 0x000001b65b876850 Exception <a 'java/lang/NoSuchMethodError'{0x00000000ffbbabc0}: 'java.lang.Object java.lang.invoke.DirectMethodHandle$Holder.invokeVirtual(java.lang.Object, java.lang.Object, java.lang.Object, java.lang.Object, java.lang.Object, java.lang.Object, java.lang.Object)'> (0x00000000ffbbabc0) 
thrown [s\open\src\hotspot\share\interpreter\linkResolver.cpp, line 759]
Event: 0.969 Thread 0x000001b65b876850 Exception <a 'java/lang/NoSuchMethodError'{0x00000000ffbcc430}: 'java.lang.Object java.lang.invoke.Invokers$Holder.invoker(java.lang.Object, java.lang.Object, java.lang.Object)'> (0x00000000ffbcc430) 
thrown [s\open\src\hotspot\share\interpreter\linkResolver.cpp, line 759]
Event: 0.971 Thread 0x000001b65b876850 Exception <a 'java/lang/NoSuchMethodError'{0x00000000ffbd5320}: 'java.lang.Object java.lang.invoke.DirectMethodHandle$Holder.invokeStatic(java.lang.Object, java.lang.Object, int)'> (0x00000000ffbd5320) 
thrown [s\open\src\hotspot\share\interpreter\linkResolver.cpp, line 759]
Event: 0.973 Thread 0x000001b65b876850 Exception <a 'java/lang/NoSuchMethodError'{0x00000000ffbe1258}: 'void java.lang.invoke.DelegatingMethodHandle$Holder.delegate(java.lang.Object, java.lang.Object, int, java.lang.Object)'> (0x00000000ffbe1258) 
thrown [s\open\src\hotspot\share\interpreter\linkResolver.cpp, line 759]
Event: 0.974 Thread 0x000001b65b876850 Exception <a 'java/lang/NoSuchMethodError'{0x00000000ffbe53a0}: 'int java.lang.invoke.DirectMethodHandle$Holder.invokeSpecial(java.lang.Object, java.lang.Object, java.lang.Object)'> (0x00000000ffbe53a0) 
thrown [s\open\src\hotspot\share\interpreter\linkResolver.cpp, line 759]
Event: 0.978 Thread 0x000001b65b876850 Exception <a 'java/lang/NoSuchMethodError'{0x00000000ffbf84e8}: 'java.lang.Object java.lang.invoke.Invokers$Holder.invokeExact_MT(java.lang.Object, java.lang.Object, java.lang.Object, java.lang.Object)'> (0x00000000ffbf84e8) 
thrown [s\open\src\hotspot\share\interpreter\linkResolver.cpp, line 759]
Event: 1.151 Thread 0x000001b65b876850 Exception <a 'java/lang/NoSuchMethodError'{0x00000000ff4b4ad0}: 'void java.lang.invoke.DirectMethodHandle$Holder.invokeSpecial(java.lang.Object, java.lang.Object, java.lang.Object)'> (0x00000000ff4b4ad0) 
thrown [s\open\src\hotspot\share\interpreter\linkResolver.cpp, line 759]
Event: 1.163 Thread 0x000001b65b876850 Implicit null exception at 0x000001b66ac5678c to 0x000001b66ac56bc0
Event: 1.163 Thread 0x000001b65b876850 Implicit null exception at 0x000001b66ac41a0c to 0x000001b66ac41e50
Event: 1.187 Thread 0x000001b65b876850 Exception <a 'java/lang/NoSuchMethodError'{0x00000000ff29c380}: 'java.lang.Object java.lang.invoke.DirectMethodHandle$Holder.invokeStaticInit(java.lang.Object)'> (0x00000000ff29c380) 
thrown [s\open\src\hotspot\share\interpreter\linkResolver.cpp, line 759]
Event: 1.209 Thread 0x000001b65b876850 Exception <a 'java/lang/NoSuchMethodError'{0x00000000ff1339b0}: 'int java.lang.invoke.DirectMethodHandle$Holder.invokeVirtual(java.lang.Object, java.lang.Object, java.lang.Object)'> (0x00000000ff1339b0) 
thrown [s\open\src\hotspot\share\interpreter\linkResolver.cpp, line 759]
Event: 1.216 Thread 0x000001b65b876850 Implicit null exception at 0x000001b66ac3d1f2 to 0x000001b66ac3d80c
Event: 1.301 Thread 0x000001b65b876850 Exception <a 'java/lang/NoSuchMethodError'{0x00000000fede3dc0}: 'java.lang.Object java.lang.invoke.DirectMethodHandle$Holder.invokeStaticInit(java.lang.Object, int, int, int, int)'> (0x00000000fede3dc0) 
thrown [s\open\src\hotspot\share\interpreter\linkResolver.cpp, line 759]
Event: 1.336 Thread 0x000001b65b876850 Exception <a 'java/lang/NoSuchMethodError'{0x00000000fec372c8}: 'java.lang.Object java.lang.invoke.DirectMethodHandle$Holder.invokeStaticInit(java.lang.Object, java.lang.Object, int, int, int, int)'> (0x00000000fec372c8) 
thrown [s\open\src\hotspot\share\interpreter\linkResolver.cpp, line 759]
Event: 1.498 Thread 0x000001b65b876850 Exception <a 'java/lang/NoSuchMethodError'{0x00000000fec68070}: 'void java.lang.invoke.DirectMethodHandle$Holder.invokeStatic(java.lang.Object, java.lang.Object, java.lang.Object)'> (0x00000000fec68070) 
thrown [s\open\src\hotspot\share\interpreter\linkResolver.cpp, line 759]

VM Operations (20 events):
Event: 167.774 Executing VM operation: Cleanup
Event: 167.774 Executing VM operation: Cleanup done
Event: 169.794 Executing VM operation: Cleanup
Event: 169.795 Executing VM operation: Cleanup done
Event: 170.807 Executing VM operation: Cleanup
Event: 170.807 Executing VM operation: Cleanup done
Event: 175.843 Executing VM operation: Cleanup
Event: 175.843 Executing VM operation: Cleanup done
Event: 180.418 Executing VM operation: HandshakeAllThreads
Event: 180.418 Executing VM operation: HandshakeAllThreads done
Event: 181.430 Executing VM operation: Cleanup
Event: 181.430 Executing VM operation: Cleanup done
Event: 187.496 Executing VM operation: Cleanup
Event: 187.496 Executing VM operation: Cleanup done
Event: 190.499 Executing VM operation: Cleanup
Event: 190.499 Executing VM operation: Cleanup done
Event: 191.511 Executing VM operation: Cleanup
Event: 191.511 Executing VM operation: Cleanup done
Event: 194.531 Executing VM operation: Cleanup
Event: 194.531 Executing VM operation: Cleanup done

Events (20 events):
Event: 22.537 loading class jdk/internal/logger/LazyLoggers$LazyLoggerFactories
Event: 22.537 loading class jdk/internal/logger/LazyLoggers$LazyLoggerFactories done
Event: 22.538 loading class jdk/internal/logger/LoggerFinderLoader
Event: 22.538 loading class jdk/internal/logger/LoggerFinderLoader done
Event: 22.538 loading class jdk/internal/logger/LoggerFinderLoader$TemporaryLoggerFinder
Event: 22.538 loading class jdk/internal/logger/LoggerFinderLoader$TemporaryLoggerFinder done
Event: 22.538 loading class sun/util/logging/internal/LoggingProviderImpl$JULWrapper
Event: 22.538 loading class sun/util/logging/PlatformLogger$ConfigurableBridge$LoggerConfiguration
Event: 22.539 loading class sun/util/logging/PlatformLogger$ConfigurableBridge$LoggerConfiguration done
Event: 22.539 loading class sun/util/logging/internal/LoggingProviderImpl$JULWrapper done
Event: 22.539 loading class java/io/ObjectInputFilter
Event: 22.539 loading class java/io/ObjectInputFilter done
Event: 22.540 loading class java/io/ObjectInputFilter$Config$BuiltinFilterFactory
Event: 22.540 loading class java/io/ObjectInputFilter$Config$BuiltinFilterFactory done
Event: 22.540 loading class jdk/internal/access/JavaObjectInputFilterAccess
Event: 22.540 loading class jdk/internal/access/JavaObjectInputFilterAccess done
Event: 22.540 loading class java/lang/System$Logger$Level
Event: 22.541 loading class java/lang/System$Logger$Level done
Event: 22.541 loading class java/io/Bits
Event: 22.541 loading class java/io/Bits done


Dynamic libraries:
0x00007ff6b42f0000 - 0x00007ff6b4300000 	C:\Program Files\Java\jdk-17\bin\java.exe
0x00007ffa5b230000 - 0x00007ffa5b447000 	C:\WINDOWS\SYSTEM32\ntdll.dll
0x00007ffa5ac80000 - 0x00007ffa5ad44000 	C:\WINDOWS\System32\KERNEL32.DLL
0x00007ffa58750000 - 0x00007ffa58afd000 	C:\WINDOWS\System32\KERNELBASE.dll
0x00007ffa58b00000 - 0x00007ffa58c11000 	C:\WINDOWS\System32\ucrtbase.dll
0x00007ff9fbf90000 - 0x00007ff9fbfa9000 	C:\Program Files\Java\jdk-17\bin\jli.dll
0x00007ff9fbfb0000 - 0x00007ff9fbfcb000 	C:\Program Files\Java\jdk-17\bin\VCRUNTIME140.dll
0x00007ffa59e10000 - 0x00007ffa59ec2000 	C:\WINDOWS\System32\ADVAPI32.dll
0x00007ffa5af10000 - 0x00007ffa5afb7000 	C:\WINDOWS\System32\msvcrt.dll
0x00007ffa59b80000 - 0x00007ffa59c29000 	C:\WINDOWS\System32\sechost.dll
0x00007ffa58e10000 - 0x00007ffa58e38000 	C:\WINDOWS\System32\bcrypt.dll
0x00007ffa5ade0000 - 0x00007ffa5aef4000 	C:\WINDOWS\System32\RPCRT4.dll
0x00007ffa59320000 - 0x00007ffa594ce000 	C:\WINDOWS\System32\USER32.dll
0x00007ffa58680000 - 0x00007ffa586a6000 	C:\WINDOWS\System32\win32u.dll
0x00007ffa5abd0000 - 0x00007ffa5abf9000 	C:\WINDOWS\System32\GDI32.dll
0x00007ffa58e40000 - 0x00007ffa58f59000 	C:\WINDOWS\System32\gdi32full.dll
0x00007ffa586b0000 - 0x00007ffa5874a000 	C:\WINDOWS\System32\msvcp_win.dll
0x00007ffa42190000 - 0x00007ffa42423000 	C:\WINDOWS\WinSxS\amd64_microsoft.windows.common-controls_6595b64144ccf1df_6.0.22621.3672_none_2713b9d173822955\COMCTL32.dll
0x00007ffa4d4e0000 - 0x00007ffa4d4ea000 	C:\WINDOWS\SYSTEM32\VERSION.dll
0x00007ffa594d0000 - 0x00007ffa59501000 	C:\WINDOWS\System32\IMM32.DLL
0x00007ffa4a2a0000 - 0x00007ffa4a2ac000 	C:\Program Files\Java\jdk-17\bin\vcruntime140_1.dll
0x00007ff9fa390000 - 0x00007ff9fa41e000 	C:\Program Files\Java\jdk-17\bin\msvcp140.dll
0x00007ff9d43c0000 - 0x00007ff9d4fa0000 	C:\Program Files\Java\jdk-17\bin\server\jvm.dll
0x00007ffa5ad50000 - 0x00007ffa5ad58000 	C:\WINDOWS\System32\PSAPI.DLL
0x00007ffa3c450000 - 0x00007ffa3c459000 	C:\WINDOWS\SYSTEM32\WSOCK32.dll
0x00007ffa50df0000 - 0x00007ffa50e24000 	C:\WINDOWS\SYSTEM32\WINMM.dll
0x00007ffa5ac00000 - 0x00007ffa5ac71000 	C:\WINDOWS\System32\WS2_32.dll
0x00007ffa57690000 - 0x00007ffa576a8000 	C:\WINDOWS\SYSTEM32\kernel.appcore.dll
0x00007ff9fc0a0000 - 0x00007ff9fc0aa000 	C:\Program Files\Java\jdk-17\bin\jimage.dll
0x00007ffa56080000 - 0x00007ffa562b2000 	C:\WINDOWS\SYSTEM32\DBGHELP.DLL
0x00007ffa5a740000 - 0x00007ffa5aace000 	C:\WINDOWS\System32\combase.dll
0x00007ffa59070000 - 0x00007ffa59147000 	C:\WINDOWS\System32\OLEAUT32.dll
0x00007ffa4d800000 - 0x00007ffa4d832000 	C:\WINDOWS\SYSTEM32\dbgcore.DLL
0x00007ffa58c20000 - 0x00007ffa58c9b000 	C:\WINDOWS\System32\bcryptPrimitives.dll
0x00007ff9f4eb0000 - 0x00007ff9f4ed5000 	C:\Program Files\Java\jdk-17\bin\java.dll
0x00007ff9f4dd0000 - 0x00007ff9f4ea7000 	C:\Program Files\Java\jdk-17\bin\jsvml.dll
0x00007ffa59ed0000 - 0x00007ffa5a737000 	C:\WINDOWS\System32\SHELL32.dll
0x00007ffa564e0000 - 0x00007ffa56ddf000 	C:\WINDOWS\SYSTEM32\windows.storage.dll
0x00007ffa563a0000 - 0x00007ffa564df000 	C:\WINDOWS\SYSTEM32\wintypes.dll
0x00007ffa59600000 - 0x00007ffa596f9000 	C:\WINDOWS\System32\SHCORE.dll
0x00007ffa595a0000 - 0x00007ffa595fe000 	C:\WINDOWS\System32\shlwapi.dll
0x00007ffa58480000 - 0x00007ffa584a7000 	C:\WINDOWS\SYSTEM32\profapi.dll
0x00007ff9f4d90000 - 0x00007ff9f4da9000 	C:\Program Files\Java\jdk-17\bin\net.dll
0x00007ffa506f0000 - 0x00007ffa50826000 	C:\WINDOWS\SYSTEM32\WINHTTP.dll
0x00007ffa57b00000 - 0x00007ffa57b69000 	C:\WINDOWS\system32\mswsock.dll
0x00007ff9f4d70000 - 0x00007ff9f4d86000 	C:\Program Files\Java\jdk-17\bin\nio.dll
0x00007ff9f4db0000 - 0x00007ff9f4dc8000 	C:\Program Files\Java\jdk-17\bin\zip.dll
0x00007ff9fbf70000 - 0x00007ff9fbf80000 	C:\Program Files\Java\jdk-17\bin\verify.dll
0x00007ffa23f60000 - 0x00007ffa23f87000 	C:\Users\RIM\.gradle\native\c067742578af261105cb4f569cf0c3c89f3d7b1fecec35dd04571415982c5e48\windows-amd64\native-platform.dll
0x00007ffa4e0f0000 - 0x00007ffa4e0fa000 	C:\Users\RIM\.gradle\native\jansi\1.18\windows64\jansi.dll
0x00007ff9fbf10000 - 0x00007ff9fbf1a000 	C:\Program Files\Java\jdk-17\bin\management.dll
0x00007ff9fa380000 - 0x00007ff9fa38b000 	C:\Program Files\Java\jdk-17\bin\management_ext.dll
0x00007ffa57d50000 - 0x00007ffa57d6b000 	C:\WINDOWS\SYSTEM32\CRYPTSP.dll
0x00007ffa575f0000 - 0x00007ffa57625000 	C:\WINDOWS\system32\rsaenh.dll
0x00007ffa57bf0000 - 0x00007ffa57c18000 	C:\WINDOWS\SYSTEM32\USERENV.dll
0x00007ffa57d70000 - 0x00007ffa57d7c000 	C:\WINDOWS\SYSTEM32\CRYPTBASE.dll
0x00007ffa570b0000 - 0x00007ffa570dd000 	C:\WINDOWS\SYSTEM32\IPHLPAPI.DLL
0x00007ffa59c50000 - 0x00007ffa59c59000 	C:\WINDOWS\System32\NSI.dll
0x00007ffa50f00000 - 0x00007ffa50f19000 	C:\WINDOWS\SYSTEM32\dhcpcsvc6.DLL
0x00007ffa50ee0000 - 0x00007ffa50eff000 	C:\WINDOWS\SYSTEM32\dhcpcsvc.DLL
0x00007ffa57120000 - 0x00007ffa57218000 	C:\WINDOWS\SYSTEM32\DNSAPI.dll
0x00007ff9f9cb0000 - 0x00007ff9f9cbe000 	C:\Program Files\Java\jdk-17\bin\sunmscapi.dll
0x00007ffa58ca0000 - 0x00007ffa58e07000 	C:\WINDOWS\System32\CRYPT32.dll
0x00007ffa57f10000 - 0x00007ffa57f3e000 	C:\WINDOWS\SYSTEM32\ncrypt.dll
0x00007ffa57ed0000 - 0x00007ffa57f07000 	C:\WINDOWS\SYSTEM32\NTASN1.dll
0x00007ffa2e700000 - 0x00007ffa2e708000 	C:\WINDOWS\system32\wshunix.dll

dbghelp: loaded successfully - version: 4.0.5 - missing functions: none
symbol engine: initialized successfully - sym options: 0x614 - pdb path: .;C:\Program Files\Java\jdk-17\bin;C:\WINDOWS\SYSTEM32;C:\WINDOWS\WinSxS\amd64_microsoft.windows.common-controls_6595b64144ccf1df_6.0.22621.3672_none_2713b9d173822955;C:\Program Files\Java\jdk-17\bin\server;C:\Users\RIM\.gradle\native\c067742578af261105cb4f569cf0c3c89f3d7b1fecec35dd04571415982c5e48\windows-amd64;C:\Users\RIM\.gradle\native\jansi\1.18\windows64

VM Arguments:
jvm_args: -Xmx64m -Xms64m -Dorg.gradle.appname=gradlew 
java_command: org.gradle.wrapper.GradleWrapperMain app:installDebug -PreactNativeDevServerPort=8081
java_class_path (initial): D:\ProjectRN\Clock_App\android\\gradle\wrapper\gradle-wrapper.jar
Launcher Type: SUN_STANDARD

[Global flags]
     intx CICompilerCount                          = 4                                         {product} {ergonomic}
     uint ConcGCThreads                            = 2                                         {product} {ergonomic}
     uint G1ConcRefinementThreads                  = 8                                         {product} {ergonomic}
   size_t G1HeapRegionSize                         = 1048576                                   {product} {ergonomic}
    uintx GCDrainStackTargetSize                   = 64                                        {product} {ergonomic}
   size_t InitialHeapSize                          = 67108864                                  {product} {command line}
   size_t MarkStackSize                            = 4194304                                   {product} {ergonomic}
   size_t MaxHeapSize                              = 67108864                                  {product} {command line}
   size_t MaxNewSize                               = 39845888                                  {product} {ergonomic}
   size_t MinHeapDeltaBytes                        = 1048576                                   {product} {ergonomic}
   size_t MinHeapSize                              = 67108864                                  {product} {command line}
    uintx NonNMethodCodeHeapSize                   = 5839372                                {pd product} {ergonomic}
    uintx NonProfiledCodeHeapSize                  = 122909434                              {pd product} {ergonomic}
    uintx ProfiledCodeHeapSize                     = 122909434                              {pd product} {ergonomic}
    uintx ReservedCodeCacheSize                    = 251658240                              {pd product} {ergonomic}
     bool SegmentedCodeCache                       = true                                      {product} {ergonomic}
   size_t SoftMaxHeapSize                          = 67108864                               {manageable} {ergonomic}
     bool UseCompressedClassPointers               = true                           {product lp64_product} {ergonomic}
     bool UseCompressedOops                        = true                           {product lp64_product} {ergonomic}
     bool UseG1GC                                  = true                                      {product} {ergonomic}
     bool UseLargePagesIndividualAllocation        = false                                  {pd product} {ergonomic}

Logging:
Log output configuration:
 #0: stdout all=warning uptime,level,tags
 #1: stderr all=off uptime,level,tags

Environment Variables:
JAVA_HOME=C:\Program Files\Java\jdk-17
CLASSPATH=D:\ProjectRN\Clock_App\android\\gradle\wrapper\gradle-wrapper.jar
PATH=D:\ProjectRN\Clock_App\node_modules\.bin;D:\ProjectRN\Clock_App\node_modules\.bin;D:\ProjectRN\node_modules\.bin;D:\node_modules\.bin;C:\Users\RIM\AppData\Roaming\npm\node_modules\npm\node_modules\@npmcli\run-script\lib\node-gyp-bin;C:\Program Files\Eclipse Adoptium\jdk-11.0.24.8-hotspot\bin;C:\Program Files\Common Files\Oracle\Java\javapath;C:\Users\RIM\AppData\Local\Programs\Python\Python312\Scripts\;C:\Users\RIM\AppData\Local\Programs\Python\Python312\;C:\msys64\mingw64\bin;C:\ProgramData\chocolatey\bin;C:\WINDOWS\system32;C:\WINDOWS;C:\WINDOWS\System32\Wbem;C:\WINDOWS\System32\WindowsPowerShell\v1.0\;C:\WINDOWS\System32\OpenSSH\;C:\MinGW;D:\Git\cmd;D:\JAVA;D:\SDK\emulator;D:\SDK\platform-tools;C:\Program Files\nodejs\;C:\Program Files\MySQL\MySQL Shell 8.0\bin\;C:\Users\RIM\AppData\Local\Programs\Python\Launcher\;C:\Users\RIM\AppData\Local\Microsoft\WindowsApps;C:\Users\RIM\AppData\Local\Programs\Microsoft VS Code\bin;C:\msys64;C:\msys64\ucrt64\bin;C:\Windows\System32;C:\Program Files\MongoDB\Server\7.0\bin\;C:\Users\RIM\Downloads\mongosh-2.2.6-win32-x64\mongosh-2.2.6-win32-x64\bin;D:\JAVA;C:\Users\RIM\AppData\Roaming\npm;
USERNAME=RIM
LANG=en_US.UTF-8
OS=Windows_NT
PROCESSOR_IDENTIFIER=Intel64 Family 6 Model 142 Stepping 10, GenuineIntel



---------------  S Y S T E M  ---------------

OS:
 Windows 11 , 64 bit Build 22621 (10.0.22621.3958)
OS uptime: 0 days 21:46 hours

CPU: total 8 (initial active 8) (4 cores per cpu, 2 threads per core) family 6 model 142 stepping 10 microcode 0xf4, cx8, cmov, fxsr, ht, mmx, 3dnowpref, sse, sse2, sse3, ssse3, sse4.1, sse4.2, popcnt, lzcnt, tsc, tscinvbit, avx, avx2, aes, erms, clmul, bmi1, bmi2, rtm, adx, fma, vzeroupper, clflush, clflushopt

Memory: 4k page, system-wide physical 16227M (1204M free)
TotalPageFile size 19425M (AvailPageFile size 0M)
current process WorkingSet (physical memory assigned to process): 111M, peak: 115M
current process commit charge ("private bytes"): 181M, peak: 185M

vm_info: Java HotSpot(TM) 64-Bit Server VM (17.0.11+7-LTS-207) for windows-amd64 JRE (17.0.11+7-LTS-207), built on Mar 11 2024 19:01:50 by "mach5one" with MS VC++ 17.6 (VS2022)

END.
